<?xml version="1.0" encoding="UTF-8"?>
<!-- Generated by org.testng.reporters.JUnitReportReporter -->
<testsuite hostname="SAMPRATI" failures="0" tests="1" name="Pom.Actitime.Test.ActitimeLoginLogout" time="7.748" errors="0" timestamp="2023-03-26T19:07:50 IST" skipped="0">
  <testcase classname="Pom.Actitime.Test.ActitimeLoginLogout" name="loginlogout" time="7.748"/>
  <system-out/>
</testsuite> <!-- Pom.Actitime.Test.ActitimeLoginLogout -->
