<?xml version="1.0" encoding="UTF-8"?>
<!-- Generated by org.testng.reporters.JUnitReportReporter -->
<testsuite hostname="SAMPRATI" failures="0" tests="1" name="Pom.Actitime.Test.ActitimeLoginLogout" time="7.979" errors="0" timestamp="2023-03-30T12:25:59 IST" skipped="0">
  <testcase classname="Pom.Actitime.Test.ActitimeLoginLogout" name="loginlogout" time="7.979"/>
  <system-out/>
</testsuite> <!-- Pom.Actitime.Test.ActitimeLoginLogout -->
